# CVS $Revision: $ $Author: $
SOURCELONG:Midgard Heroes	SOURCESHORT:MH	SOURCEWEB:http://www.koboldpress.com/	SOURCEDATE:2015-01
# Original Entry: See contributors listed in PCC file.

# I used the Elf hair/eyes, and basically made up the rest
RACENAME:Alseid%		SEX:Male[BASEHT:70|HTDIEROLL:2d4|BASEWT:290|WTDIEROLL:4d6|TOTALWT:BASEWT+(HTDIEROLL*WTDIEROLL)]Female[BASEHT:70|HTDIEROLL:2d4|BASEWT:290|WTDIEROLL:4d6|TOTALWT:BASEWT+(HTDIEROLL*WTDIEROLL)]
#RACENAME:Alseid%		HAIR:White|Pale Yellow|Silver-White|Black|Blue|Golden Blonde|Copper|Brown	EYES:Violet|Silver|Pink|Pale Blue|Gold-flecked Green|Gold-flecked Blue|Green|Gold|Brown|Hazel	SKINTONE:Obsidian|Fair|Tanned|Pasty|Bronze|Dark Brown|Copper

# I used human hair, some human eye colours, the human ages, and something reasonable for weight
RACENAME:Centaur%		SEX:Male[BASEHT:92|HTDIEROLL:4d4|BASEWT:1900|WTDIEROLL:4d6|TOTALWT:BASEWT+(HTDIEROLL*WTDIEROLL)]Female[BASEHT:92|HTDIEROLL:4d4|BASEWT:1900|WTDIEROLL:4d6|TOTALWT:BASEWT+(HTDIEROLL*WTDIEROLL)]
#RACENAME:Centaur%		HAIR:Blonde|Brown	EYES:Blue|Green|Brown|Hazel	SKINTONE:Fair|Tanned|Pasty|Bronze|Dark Brown

RACENAME:Dragonkin%		SEX:Male[BASEHT:72|HTDIEROLL:2d6|BASEWT:250|WTDIEROLL:2d4|TOTALWT:BASEWT+(HTDIEROLL*WTDIEROLL)]Female[BASEHT:72|HTDIEROLL:2d6|BASEWT:250|WTDIEROLL:2d4|TOTALWT:BASEWT+(HTDIEROLL*WTDIEROLL)]

RACENAME:Gearforged%		SEX:Male[BASEHT:45|HTDIEROLL:1d34|BASEWT:250|WTDIEROLL:5d10|TOTALWT:BASEWT+WTDIEROLL]Female[BASEHT:45|HTDIEROLL:1d34|BASEWT:250|WTDIEROLL:5d10|TOTALWT:BASEWT+WTDIEROLL]

AGESET:0|Adulthood
RACENAME:Alseid%		BASEAGE:20	MAXAGE:34	AGEDIEROLL:5d4
RACENAME:Centaur%		BASEAGE:15	MAXAGE:29	AGEDIEROLL:5d4
RACENAME:Dragonkin%		BASEAGE:20	MAXAGE:34	AGEDIEROLL:5d4
RACENAME:Gearforged%		BASEAGE:20	MAXAGE:34	AGEDIEROLL:5d4

AGESET:1|Middle Age
#	BONUS:STAT|STR,CON,DEX|-1	BONUS:STAT|INT,WIS,CHA|1
RACENAME:Alseid%		BASEAGE:35	MAXAGE:52	AGEDIEROLL:3d6
RACENAME:Centaur%		BASEAGE:30	MAXAGE:47	AGEDIEROLL:3d6
RACENAME:Dragonkin%		BASEAGE:35	MAXAGE:52	AGEDIEROLL:3d6
RACENAME:Gearforged%		BASEAGE:35	MAXAGE:52	AGEDIEROLL:3d6

AGESET:2|Old
#	BONUS:STAT|STR,CON,DEX|-3	BONUS:STAT|INT,WIS,CHA|2
RACENAME:Alseid%		BASEAGE:53	MAXAGE:69	AGEDIEROLL:4d4+1
RACENAME:Centaur%		BASEAGE:48	MAXAGE:64	AGEDIEROLL:4d4+1
RACENAME:Dragonkin%		BASEAGE:53	MAXAGE:69	AGEDIEROLL:4d4+1
RACENAME:Gearforged%		BASEAGE:53	MAXAGE:208	AGEDIEROLL:13d12

AGESET:3|Venerable
#	BONUS:STAT|STR,CON,DEX|-6	BONUS:STAT|INT,WIS,CHA|3
RACENAME:Alseid%		BASEAGE:70	MAXAGE:110	AGEDIEROLL:4d10
RACENAME:Centaur%		BASEAGE:65	MAXAGE:105	AGEDIEROLL:4d10
RACENAME:Dragonkin%		BASEAGE:70	MAXAGE:110	AGEDIEROLL:4d10
RACENAME:Gearforged%		BASEAGE:209	MAXAGE:364	AGEDIEROLL:13d12
